<?xml version="1.0" encoding="UTF-8"?>
<!-- Generated by org.testng.reporters.JUnitReportReporter -->
<testsuite skipped="0" hostname="Phumis-MacBook.local" name="runners.TestBaseClass" tests="4" failures="0" timestamp="2020-02-26T14:14:19 EST" time="42.548" errors="0">
  <testcase name="validateResponseCode401" time="0.166" classname="runners.TestBaseClass"/>
  <testcase name="validateProductType" time="1.079" classname="runners.TestBaseClass"/>
  <testcase name="myWebTest" time="40.795" classname="runners.TestBaseClass"/>
  <testcase name="validateResponseCode200" time="0.508" classname="runners.TestBaseClass"/>
</testsuite> <!-- runners.TestBaseClass -->
